

> @platform/shared@0.1.0 type-check /Users/joshshepherd/Projects/alan-hirsch-final/packages/shared
> tsc --noEmit

[96msrc/assessments/scoring.ts[0m:[93m57[0m:[93m53[0m - [91merror[0m[90m TS2551: [0mProperty 'questionId' does not exist on type '{ status: "active" | "draft" | "archived" | "under_review"; version: string; id: string; createdAt: string; updatedAt: string; name: string; slug: string; assessmentType: "other" | "apest" | "mdna" | "cultural_intelligence" | "leadership_style" | "spiritual_gifts"; ... 21 more ...; averageScore?: number | undefined; }'. Did you mean 'questions'?

[7m57[0m   const responseMap = new Map(responses.map(r => [r.questionId, r]));
[7m  [0m [91m                                                    ~~~~~~~~~~[0m

  [96m../contracts/dist/entities/assessment.schema.d.ts[0m:[93m841[0m:[93m5[0m
    [7m841[0m     questions: {
    [7m   [0m [96m    ~~~~~~~~~[0m
    'questions' is declared here.

[96msrc/assessments/scoring.ts[0m:[93m71[0m:[93m18[0m - [91merror[0m[90m TS2339: [0mProperty 'skipped' does not exist on type '{ status: "active" | "draft" | "archived" | "under_review"; version: string; id: string; createdAt: string; updatedAt: string; name: string; slug: string; assessmentType: "other" | "apest" | "mdna" | "cultural_intelligence" | "leadership_style" | "spiritual_gifts"; ... 21 more ...; averageScore?: number | undefined; }'.

[7m71[0m         response.skipped ||
[7m  [0m [91m                 ~~~~~~~[0m

[96msrc/assessments/scoring.ts[0m:[93m72[0m:[93m18[0m - [91merror[0m[90m TS2339: [0mProperty 'responseValue' does not exist on type '{ status: "active" | "draft" | "archived" | "under_review"; version: string; id: string; createdAt: string; updatedAt: string; name: string; slug: string; assessmentType: "other" | "apest" | "mdna" | "cultural_intelligence" | "leadership_style" | "spiritual_gifts"; ... 21 more ...; averageScore?: number | undefined; }'.

[7m72[0m         response.responseValue === undefined
[7m  [0m [91m                 ~~~~~~~~~~~~~[0m

[96msrc/assessments/scoring.ts[0m:[93m77[0m:[93m36[0m - [91merror[0m[90m TS2339: [0mProperty 'responseValue' does not exist on type '{ status: "active" | "draft" | "archived" | "under_review"; version: string; id: string; createdAt: string; updatedAt: string; name: string; slug: string; assessmentType: "other" | "apest" | "mdna" | "cultural_intelligence" | "leadership_style" | "spiritual_gifts"; ... 21 more ...; averageScore?: number | undefined; }'.

[7m77[0m       let responseScore = response.responseValue;
[7m  [0m [91m                                   ~~~~~~~~~~~~~[0m

[96msrc/assessments/scoring.ts[0m:[93m124[0m:[93m21[0m - [91merror[0m[90m TS2339: [0mProperty 'skipped' does not exist on type '{ status: "active" | "draft" | "archived" | "under_review"; version: string; id: string; createdAt: string; updatedAt: string; name: string; slug: string; assessmentType: "other" | "apest" | "mdna" | "cultural_intelligence" | "leadership_style" | "spiritual_gifts"; ... 21 more ...; averageScore?: number | undefined; }'.

[7m124[0m     .filter(r => !r.skipped && r.responseValue !== undefined)
[7m   [0m [91m                    ~~~~~~~[0m

[96msrc/assessments/scoring.ts[0m:[93m124[0m:[93m34[0m - [91merror[0m[90m TS2339: [0mProperty 'responseValue' does not exist on type '{ status: "active" | "draft" | "archived" | "under_review"; version: string; id: string; createdAt: string; updatedAt: string; name: string; slug: string; assessmentType: "other" | "apest" | "mdna" | "cultural_intelligence" | "leadership_style" | "spiritual_gifts"; ... 21 more ...; averageScore?: number | undefined; }'.

[7m124[0m     .filter(r => !r.skipped && r.responseValue !== undefined)
[7m   [0m [91m                                 ~~~~~~~~~~~~~[0m

[96msrc/assessments/scoring.ts[0m:[93m125[0m:[93m17[0m - [91merror[0m[90m TS2339: [0mProperty 'responseValue' does not exist on type '{ status: "active" | "draft" | "archived" | "under_review"; version: string; id: string; createdAt: string; updatedAt: string; name: string; slug: string; assessmentType: "other" | "apest" | "mdna" | "cultural_intelligence" | "leadership_style" | "spiritual_gifts"; ... 21 more ...; averageScore?: number | undefined; }'.

[7m125[0m     .map(r => r.responseValue!);
[7m   [0m [91m                ~~~~~~~~~~~~~[0m

[96msrc/assessments/scoring.ts[0m:[93m149[0m:[93m13[0m - [91merror[0m[90m TS2339: [0mProperty 'skipped' does not exist on type '{ status: "active" | "draft" | "archived" | "under_review"; version: string; id: string; createdAt: string; updatedAt: string; name: string; slug: string; assessmentType: "other" | "apest" | "mdna" | "cultural_intelligence" | "leadership_style" | "spiritual_gifts"; ... 21 more ...; averageScore?: number | undefined; }'.

[7m149[0m     r => !r.skipped && r.responseValue !== undefined
[7m   [0m [91m            ~~~~~~~[0m

[96msrc/assessments/scoring.ts[0m:[93m149[0m:[93m26[0m - [91merror[0m[90m TS2339: [0mProperty 'responseValue' does not exist on type '{ status: "active" | "draft" | "archived" | "under_review"; version: string; id: string; createdAt: string; updatedAt: string; name: string; slug: string; assessmentType: "other" | "apest" | "mdna" | "cultural_intelligence" | "leadership_style" | "spiritual_gifts"; ... 21 more ...; averageScore?: number | undefined; }'.

[7m149[0m     r => !r.skipped && r.responseValue !== undefined
[7m   [0m [91m                         ~~~~~~~~~~~~~[0m

[96msrc/mappers/assessments.ts[0m:[93m348[0m:[93m5[0m - [91merror[0m[90m TS2741: [0mProperty 'isRequired' is missing in type '{ id: string; questionText: string; questionType: string; orderIndex: number; apestDimension: undefined; }' but required in type '{ id: string; questionText: string; questionType: string; orderIndex: number; isRequired: boolean; category?: string | undefined; apestDimension?: string | undefined; }'.

[7m348[0m     question: {
[7m   [0m [91m    ~~~~~~~~[0m

  [96m../contracts/dist/entities/assessment.schema.d.ts[0m:[93m353[0m:[93m9[0m
    [7m353[0m         isRequired: boolean;
    [7m   [0m [96m        ~~~~~~~~~~[0m
    'isRequired' is declared here.
  [96m../contracts/dist/entities/assessment.schema.d.ts[0m:[93m348[0m:[93m5[0m
    [7m348[0m     question?: {
    [7m   [0m [96m    ~~~~~~~~[0m
    The expected type comes from property 'question' which is declared here on type '{ id: string; createdAt: string; updatedAt: string; skipped: boolean; userAssessmentId: string; questionId: string; isSkipped: boolean; hasResponse: boolean; confidenceLevel?: string | undefined; ... 6 more ...; userAssessment?: { ...; } | undefined; }'

[96msrc/mappers/assessments.ts[0m:[93m359[0m:[93m7[0m - [91merror[0m[90m TS2353: [0mObject literal may only specify known properties, and 'completedAt' does not exist in type '{ userId: string; assessmentId: string; status: string; id: string; }'.

[7m359[0m       completedAt: undefined, // Would need to be passed from parent
[7m   [0m [91m      ~~~~~~~~~~~[0m

  [96m../contracts/dist/entities/assessment.schema.d.ts[0m:[93m357[0m:[93m5[0m
    [7m357[0m     userAssessment?: {
    [7m   [0m [96m    ~~~~~~~~~~~~~~[0m
    The expected type comes from property 'userAssessment' which is declared here on type '{ id: string; createdAt: string; updatedAt: string; skipped: boolean; userAssessmentId: string; questionId: string; isSkipped: boolean; hasResponse: boolean; confidenceLevel?: string | undefined; ... 6 more ...; userAssessment?: { ...; } | undefined; }'


Found 11 errors in 2 files.

Errors  Files
     9  src/assessments/scoring.ts[90m:57[0m
     2  src/mappers/assessments.ts[90m:348[0m
[41m[30m ELIFECYCLE [39m[49m [31mCommand failed with exit code 2.[39m
